Using pre-set license
Built from '2020.2/staging' branch; Version is '2020.2.7f1 (c53830e277f1) revision 12924976'; Using compiler version '192528614'; Build Type 'Release'
OS: 'Windows 10 Home; OS build 19042.1052; Version 2009; 64bit' Language: 'en' Physical Memory: 16209 MB
BatchMode: 1, IsHumanControllingUs: 0, StartBugReporterOnCrash: 0, Is64bit: 1, IsPro: 0

 COMMAND LINE ARGUMENTS:
C:\Program Files\Unity\2020\Editor\Unity.exe
-adb2
-batchMode
-noUpm
-name
AssetImportWorker0
-projectPath
C:/Unity/MessyCoast/MessyCoast
-logFile
Logs/AssetImportWorker0.log
-srvPort
64765
Successfully changed project path to: C:/Unity/MessyCoast/MessyCoast
C:/Unity/MessyCoast/MessyCoast
Using Asset Import Pipeline V2.
Refreshing native plugins compatible for Editor in 28.94 ms, found 0 plugins.
Preloading 0 native plugins for Editor in 0.00 ms.
Initialize engine version: 2020.2.7f1 (c53830e277f1)
[Subsystems] Discovering subsystems at path C:/Program Files/Unity/2020/Editor/Data/Resources/UnitySubsystems
[Subsystems] Discovering subsystems at path C:/Unity/MessyCoast/MessyCoast/Assets
GfxDevice: creating device client; threaded=0
Direct3D:
    Version:  Direct3D 11.0 [level 11.1]
    Renderer: Intel(R) UHD Graphics 630 (ID=0x9bc5)
    Vendor:   
    VRAM:     8104 MB
    Driver:   27.20.100.8681
Initialize mono
Mono path[0] = 'C:/Program Files/Unity/2020/Editor/Data/Managed'
Mono path[1] = 'C:/Program Files/Unity/2020/Editor/Data/MonoBleedingEdge/lib/mono/unityjit'
Mono config path = 'C:/Program Files/Unity/2020/Editor/Data/MonoBleedingEdge/etc'
Using monoOptions --debugger-agent=transport=dt_socket,embedding=1,server=y,suspend=n,address=127.0.0.1:56140
Begin MonoManager ReloadAssembly
Registering precompiled unity dll's ...
Register platform support module: C:/Program Files/Unity/2020/Editor/Data/PlaybackEngines/WindowsStandaloneSupport/UnityEditor.WindowsStandalone.Extensions.dll
Registered in 0.001192 seconds.
Native extension for WindowsStandalone target not found
Refreshing native plugins compatible for Editor in 19.04 ms, found 0 plugins.
Preloading 0 native plugins for Editor in 0.00 ms.
Invoked RoslynAnalysisRunner static constructor.
RoslynAnalysisRunner will not be running.
RoslynAnalysisRunner has terminated.
Mono: successfully reloaded assembly
- Completed reload, in  0.688 seconds
Platform modules already initialized, skipping
Registering precompiled user dll's ...
Registered in 0.000454 seconds.
Begin MonoManager ReloadAssembly
Native extension for WindowsStandalone target not found
Refreshing native plugins compatible for Editor in 0.21 ms, found 0 plugins.
Preloading 0 native plugins for Editor in 0.00 ms.
Invoked RoslynAnalysisRunner static constructor.
RoslynAnalysisRunner will not be running.
RoslynAnalysisRunner has terminated.
Mono: successfully reloaded assembly
- Completed reload, in  0.578 seconds
Platform modules already initialized, skipping
========================================================================
Worker process is ready to serve import requests
Launched and connected shader compiler UnityShaderCompiler.exe after 0.03 seconds
Refreshing native plugins compatible for Editor in 2.32 ms, found 0 plugins.
Preloading 0 native plugins for Editor in 0.00 ms.
Unloading 1226 Unused Serialized files (Serialized files now loaded: 0)
System memory in use before: 87.2 MB.
System memory in use after: 87.3 MB.

Unloading 10 unused Assets to reduce memory usage. Loaded Objects now: 1687.
Total: 9.913600 ms (FindLiveObjects: 0.781200 ms CreateObjectMapping: 0.312900 ms MarkObjects: 8.419400 ms  DeleteObjects: 0.393400 ms)

========================================================================
Received Import Request.
  path: Assets/Prefabs/Ch15_nonPBR@Walking.fbx
  artifactKey: Guid(9150543bcbab7834db27801e042e2492) Importer(815301076,1909f56bfc062723c751e8b465ee728b)
Start importing Assets/Prefabs/Ch15_nonPBR@Walking.fbx using Guid(9150543bcbab7834db27801e042e2492) Importer(815301076,1909f56bfc062723c751e8b465ee728b)  -> (artifact id: '3adf3aa6d12f40d8f9e8f3f64f6cef98') in 0.259672 seconds
  Import took 0.265833 seconds .

========================================================================
Received Import Request.
  Time since last request: 0.000249 seconds.
  path: Assets/Prefabs/Ch49_nonPBR@Falling Back Death.fbx
  artifactKey: Guid(1cb2bf2b53cce0e41bc0c41d15a25542) Importer(815301076,1909f56bfc062723c751e8b465ee728b)
Start importing Assets/Prefabs/Ch49_nonPBR@Falling Back Death.fbx using Guid(1cb2bf2b53cce0e41bc0c41d15a25542) Importer(815301076,1909f56bfc062723c751e8b465ee728b)  -> (artifact id: 'e0578206a087d798e73a49c709b99112') in 0.136080 seconds
  Import took 0.138590 seconds .

========================================================================
Received Import Request.
  Time since last request: 365.009101 seconds.
  path: Assets/Prefabs/swat@Walking.fbx
  artifactKey: Guid(a7330e8a1e4bd6d439e928cb251ebe0a) Importer(815301076,1909f56bfc062723c751e8b465ee728b)
Start importing Assets/Prefabs/swat@Walking.fbx using Guid(a7330e8a1e4bd6d439e928cb251ebe0a) Importer(815301076,1909f56bfc062723c751e8b465ee728b)  -> (artifact id: 'b4f75fa3bb2e974cd4f2db9e0b86c47c') in 0.263984 seconds
  Import took 0.275401 seconds .

========================================================================
Received Import Request.
  Time since last request: 10.446126 seconds.
  path: Assets/Prefabs/swat@Walking.fbx
  artifactKey: Guid(a7330e8a1e4bd6d439e928cb251ebe0a) Importer(815301076,1909f56bfc062723c751e8b465ee728b)
Start importing Assets/Prefabs/swat@Walking.fbx using Guid(a7330e8a1e4bd6d439e928cb251ebe0a) Importer(815301076,1909f56bfc062723c751e8b465ee728b)  -> (artifact id: '0279ecab0805a2f6afc0dd6c7bdf7cf4') in 0.240618 seconds
  Import took 0.250874 seconds .

========================================================================
Received Import Request.
  Time since last request: 7.737441 seconds.
  path: Assets/Prefabs/swat@Walking.fbx
  artifactKey: Guid(a7330e8a1e4bd6d439e928cb251ebe0a) Importer(815301076,1909f56bfc062723c751e8b465ee728b)
Start importing Assets/Prefabs/swat@Walking.fbx using Guid(a7330e8a1e4bd6d439e928cb251ebe0a) Importer(815301076,1909f56bfc062723c751e8b465ee728b)  -> (artifact id: 'd59b5d2334907e9c189add223f29e78e') in 0.199366 seconds
  Import took 0.209015 seconds .

========================================================================
Received Import Request.
  Time since last request: 112.271436 seconds.
  path: Assets/Scripts/PlayerMotion.cs
  artifactKey: Guid(618164cc46dde63478956044e6a9f983) Importer(815301076,1909f56bfc062723c751e8b465ee728b)
Start importing Assets/Scripts/PlayerMotion.cs using Guid(618164cc46dde63478956044e6a9f983) Importer(815301076,1909f56bfc062723c751e8b465ee728b)  -> (artifact id: '3dd2c5b80ae1991cf7ac225942ec6bb6') in 0.030825 seconds
  Import took 0.038687 seconds .

========================================================================
Received Import Request.
  Time since last request: 202.130627 seconds.
  path: Assets/Animations/PlayerAnimatorController.controller
  artifactKey: Guid(866b2bde7d49e0c4ab04c260e07096b7) Importer(815301076,1909f56bfc062723c751e8b465ee728b)
Start importing Assets/Animations/PlayerAnimatorController.controller using Guid(866b2bde7d49e0c4ab04c260e07096b7) Importer(815301076,1909f56bfc062723c751e8b465ee728b)  -> (artifact id: '1766eee0f49da28f13f8869d1a359acf') in 0.034338 seconds
  Import took 0.041565 seconds .

========================================================================
Received Import Request.
  Time since last request: 31.589321 seconds.
  path: Assets/Animations/Walking.anim
  artifactKey: Guid(c31dbd492b41f5a4d832b45155f871fb) Importer(815301076,1909f56bfc062723c751e8b465ee728b)
Start importing Assets/Animations/Walking.anim using Guid(c31dbd492b41f5a4d832b45155f871fb) Importer(815301076,1909f56bfc062723c751e8b465ee728b)  -> (artifact id: '23cca1618e296ec4f66aef0c2be28854') in 0.010700 seconds
  Import took 0.013627 seconds .

========================================================================
Received Import Request.
  Time since last request: 0.002428 seconds.
  path: Assets/Animations/Walking.anim
  artifactKey: Guid(c31dbd492b41f5a4d832b45155f871fb) Importer(815301076,1909f56bfc062723c751e8b465ee728b)
Start importing Assets/Animations/Walking.anim using Guid(c31dbd492b41f5a4d832b45155f871fb) Importer(815301076,1909f56bfc062723c751e8b465ee728b)  -> (artifact id: '23cca1618e296ec4f66aef0c2be28854') in 0.008526 seconds
  Import took 0.010689 seconds .

========================================================================
Received Prepare
Registering precompiled user dll's ...
Registered in 0.001004 seconds.
Begin MonoManager ReloadAssembly
Native extension for WindowsStandalone target not found
Refreshing native plugins compatible for Editor in 0.20 ms, found 0 plugins.
Preloading 0 native plugins for Editor in 0.00 ms.
Invoked RoslynAnalysisRunner static constructor.
RoslynAnalysisRunner will not be running.
RoslynAnalysisRunner has terminated.
Mono: successfully reloaded assembly
- Completed reload, in  0.656 seconds
Platform modules already initialized, skipping
Refreshing native plugins compatible for Editor in 0.21 ms, found 0 plugins.
Preloading 0 native plugins for Editor in 0.00 ms.
Unloading 1194 Unused Serialized files (Serialized files now loaded: 0)
System memory in use before: 102.6 MB.
System memory in use after: 102.7 MB.

Unloading 5 unused Assets to reduce memory usage. Loaded Objects now: 1734.
Total: 1.527700 ms (FindLiveObjects: 0.129500 ms CreateObjectMapping: 0.040700 ms MarkObjects: 1.299500 ms  DeleteObjects: 0.057400 ms)

========================================================================
Received Import Request.
  Time since last request: 12.055892 seconds.
  path: Assets/Prefabs/Walking.anim
  artifactKey: Guid(8551ae203f10c8845bdfe4c3eca51c1b) Importer(815301076,1909f56bfc062723c751e8b465ee728b)
Start importing Assets/Prefabs/Walking.anim using Guid(8551ae203f10c8845bdfe4c3eca51c1b) Importer(815301076,1909f56bfc062723c751e8b465ee728b)  -> (artifact id: '6d5b5534429d0dc2698369f4c9b09b4c') in 0.028493 seconds
  Import took 0.030914 seconds .

========================================================================
Received Import Request.
  Time since last request: 0.003642 seconds.
  path: Assets/Prefabs/Walking.anim
  artifactKey: Guid(8551ae203f10c8845bdfe4c3eca51c1b) Importer(815301076,1909f56bfc062723c751e8b465ee728b)
Start importing Assets/Prefabs/Walking.anim using Guid(8551ae203f10c8845bdfe4c3eca51c1b) Importer(815301076,1909f56bfc062723c751e8b465ee728b)  -> (artifact id: '6d5b5534429d0dc2698369f4c9b09b4c') in 0.007823 seconds
  Import took 0.011425 seconds .

========================================================================
Received Prepare
Registering precompiled user dll's ...
Registered in 0.000553 seconds.
Begin MonoManager ReloadAssembly
Native extension for WindowsStandalone target not found
Refreshing native plugins compatible for Editor in 0.20 ms, found 0 plugins.
Preloading 0 native plugins for Editor in 0.00 ms.
Invoked RoslynAnalysisRunner static constructor.
RoslynAnalysisRunner will not be running.
RoslynAnalysisRunner has terminated.
Mono: successfully reloaded assembly
- Completed reload, in  0.541 seconds
Platform modules already initialized, skipping
Refreshing native plugins compatible for Editor in 0.21 ms, found 0 plugins.
Preloading 0 native plugins for Editor in 0.00 ms.
Unloading 1194 Unused Serialized files (Serialized files now loaded: 0)
System memory in use before: 102.6 MB.
System memory in use after: 102.7 MB.

Unloading 5 unused Assets to reduce memory usage. Loaded Objects now: 1737.
Total: 1.425800 ms (FindLiveObjects: 0.114600 ms CreateObjectMapping: 0.032700 ms MarkObjects: 1.180100 ms  DeleteObjects: 0.098000 ms)

========================================================================
Received Import Request.
  Time since last request: 234.913747 seconds.
  path: Assets/Prefabs/Ch24_nonPBR@Falling Back Death.fbx
  artifactKey: Guid(9ff9bfd3265d5fa46b7f5b32ae00a11c) Importer(815301076,1909f56bfc062723c751e8b465ee728b)
Start importing Assets/Prefabs/Ch24_nonPBR@Falling Back Death.fbx using Guid(9ff9bfd3265d5fa46b7f5b32ae00a11c) Importer(815301076,1909f56bfc062723c751e8b465ee728b)  -> (artifact id: 'ba4b3ce901b906cea4832c7654a8ff54') in 0.187025 seconds
  Import took 0.189190 seconds .

========================================================================
Received Import Request.
  Time since last request: 6.079350 seconds.
  path: Assets/Prefabs/Ch24_nonPBR@Falling Back Death.fbx
  artifactKey: Guid(9ff9bfd3265d5fa46b7f5b32ae00a11c) Importer(815301076,1909f56bfc062723c751e8b465ee728b)
Start importing Assets/Prefabs/Ch24_nonPBR@Falling Back Death.fbx using Guid(9ff9bfd3265d5fa46b7f5b32ae00a11c) Importer(815301076,1909f56bfc062723c751e8b465ee728b)  -> (artifact id: '987e7b6165591cefe6c443897254fc9f') in 0.109203 seconds
  Import took 0.111893 seconds .

========================================================================
Received Import Request.
  Time since last request: 8.687697 seconds.
  path: Assets/Prefabs/Ch24_nonPBR@Falling Back Death.fbx
  artifactKey: Guid(9ff9bfd3265d5fa46b7f5b32ae00a11c) Importer(815301076,1909f56bfc062723c751e8b465ee728b)
Start importing Assets/Prefabs/Ch24_nonPBR@Falling Back Death.fbx using Guid(9ff9bfd3265d5fa46b7f5b32ae00a11c) Importer(815301076,1909f56bfc062723c751e8b465ee728b)  -> (artifact id: '80ed4f349a91c70bd142f39c4b3d309a') in 0.107716 seconds
  Import took 0.111191 seconds .

========================================================================
Received Prepare
Registering precompiled user dll's ...
Registered in 0.000536 seconds.
Begin MonoManager ReloadAssembly
Native extension for WindowsStandalone target not found
Refreshing native plugins compatible for Editor in 0.20 ms, found 0 plugins.
Preloading 0 native plugins for Editor in 0.00 ms.
Invoked RoslynAnalysisRunner static constructor.
RoslynAnalysisRunner will not be running.
RoslynAnalysisRunner has terminated.
Mono: successfully reloaded assembly
- Completed reload, in  0.551 seconds
Platform modules already initialized, skipping
Refreshing native plugins compatible for Editor in 0.20 ms, found 0 plugins.
Preloading 0 native plugins for Editor in 0.00 ms.
Unloading 1194 Unused Serialized files (Serialized files now loaded: 0)
System memory in use before: 102.7 MB.
System memory in use after: 102.8 MB.

Unloading 5 unused Assets to reduce memory usage. Loaded Objects now: 1741.
Total: 1.398800 ms (FindLiveObjects: 0.133500 ms CreateObjectMapping: 0.033100 ms MarkObjects: 1.171700 ms  DeleteObjects: 0.059900 ms)

========================================================================
Received Import Request.
  Time since last request: 79.620549 seconds.
  path: Assets/Prefabs/Falling Back Death.anim
  artifactKey: Guid(d3bbeb1f2d8c4ec42a894307f00a2610) Importer(815301076,1909f56bfc062723c751e8b465ee728b)
Start importing Assets/Prefabs/Falling Back Death.anim using Guid(d3bbeb1f2d8c4ec42a894307f00a2610) Importer(815301076,1909f56bfc062723c751e8b465ee728b)  -> (artifact id: '4c20dd9a78e3cfafcfc663367d3039d0') in 0.018219 seconds
  Import took 0.020596 seconds .

AssetImportWorkerClient::OnTransportError - code=2 error=End of file
