Using pre-set license
Built from '2020.2/staging' branch; Version is '2020.2.7f1 (c53830e277f1) revision 12924976'; Using compiler version '192528614'; Build Type 'Release'
OS: 'Windows 10 Home; OS build 19042.1052; Version 2009; 64bit' Language: 'en' Physical Memory: 16209 MB
BatchMode: 1, IsHumanControllingUs: 0, StartBugReporterOnCrash: 0, Is64bit: 1, IsPro: 0

 COMMAND LINE ARGUMENTS:
C:\Program Files\Unity\2020\Editor\Unity.exe
-adb2
-batchMode
-noUpm
-name
AssetImportWorker0
-projectPath
C:/Unity/MessyCoast/MessyCoast
-logFile
Logs/AssetImportWorker0.log
-srvPort
64301
Successfully changed project path to: C:/Unity/MessyCoast/MessyCoast
C:/Unity/MessyCoast/MessyCoast
Using Asset Import Pipeline V2.
Refreshing native plugins compatible for Editor in 24.43 ms, found 0 plugins.
Preloading 0 native plugins for Editor in 0.00 ms.
Initialize engine version: 2020.2.7f1 (c53830e277f1)
[Subsystems] Discovering subsystems at path C:/Program Files/Unity/2020/Editor/Data/Resources/UnitySubsystems
[Subsystems] Discovering subsystems at path C:/Unity/MessyCoast/MessyCoast/Assets
GfxDevice: creating device client; threaded=0
Direct3D:
    Version:  Direct3D 11.0 [level 11.1]
    Renderer: Intel(R) UHD Graphics 630 (ID=0x9bc5)
    Vendor:   
    VRAM:     8104 MB
    Driver:   27.20.100.8681
Initialize mono
Mono path[0] = 'C:/Program Files/Unity/2020/Editor/Data/Managed'
Mono path[1] = 'C:/Program Files/Unity/2020/Editor/Data/MonoBleedingEdge/lib/mono/unityjit'
Mono config path = 'C:/Program Files/Unity/2020/Editor/Data/MonoBleedingEdge/etc'
Using monoOptions --debugger-agent=transport=dt_socket,embedding=1,server=y,suspend=n,address=127.0.0.1:56784
Begin MonoManager ReloadAssembly
Registering precompiled unity dll's ...
Register platform support module: C:/Program Files/Unity/2020/Editor/Data/PlaybackEngines/WindowsStandaloneSupport/UnityEditor.WindowsStandalone.Extensions.dll
Registered in 0.001354 seconds.
Native extension for WindowsStandalone target not found
Refreshing native plugins compatible for Editor in 22.66 ms, found 0 plugins.
Preloading 0 native plugins for Editor in 0.00 ms.
Invoked RoslynAnalysisRunner static constructor.
RoslynAnalysisRunner will not be running.
RoslynAnalysisRunner has terminated.
Mono: successfully reloaded assembly
- Completed reload, in  0.855 seconds
Platform modules already initialized, skipping
Registering precompiled user dll's ...
Registered in 0.000513 seconds.
Begin MonoManager ReloadAssembly
Native extension for WindowsStandalone target not found
Refreshing native plugins compatible for Editor in 0.31 ms, found 0 plugins.
Preloading 0 native plugins for Editor in 0.00 ms.
Invoked RoslynAnalysisRunner static constructor.
RoslynAnalysisRunner will not be running.
RoslynAnalysisRunner has terminated.
Mono: successfully reloaded assembly
- Completed reload, in  0.743 seconds
Platform modules already initialized, skipping
========================================================================
Worker process is ready to serve import requests
Launched and connected shader compiler UnityShaderCompiler.exe after 0.04 seconds
Refreshing native plugins compatible for Editor in 1.05 ms, found 0 plugins.
Preloading 0 native plugins for Editor in 0.00 ms.
Unloading 1226 Unused Serialized files (Serialized files now loaded: 0)
System memory in use before: 87.6 MB.
System memory in use after: 87.6 MB.

Unloading 10 unused Assets to reduce memory usage. Loaded Objects now: 1688.
Total: 12.372100 ms (FindLiveObjects: 1.038000 ms CreateObjectMapping: 0.396900 ms MarkObjects: 10.561700 ms  DeleteObjects: 0.370400 ms)

========================================================================
Received Import Request.
  path: Assets/RPG_FPS_game_assets_industrial
  artifactKey: Guid(b3bd3e8cd66824744a6eda3d577dfa9d) Importer(815301076,1909f56bfc062723c751e8b465ee728b)
Start importing Assets/RPG_FPS_game_assets_industrial using Guid(b3bd3e8cd66824744a6eda3d577dfa9d) Importer(815301076,1909f56bfc062723c751e8b465ee728b)  -> (artifact id: 'ae4a77b0c5a59e091633f6d15e4c2241') in 0.033138 seconds
  Import took 0.044264 seconds .

========================================================================
Received Import Request.
  Time since last request: 17.289312 seconds.
  path: Assets/Prefabs/RPG_FPS_game_assets_industrial/Containers/Cargo_container_v1/Cargo_container_v1_LD1doorL.prefab
  artifactKey: Guid(39d44540e05010d4b93511df0bd6e20b) Importer(815301076,1909f56bfc062723c751e8b465ee728b)
Start importing Assets/Prefabs/RPG_FPS_game_assets_industrial/Containers/Cargo_container_v1/Cargo_container_v1_LD1doorL.prefab using Guid(39d44540e05010d4b93511df0bd6e20b) Importer(815301076,1909f56bfc062723c751e8b465ee728b)  -> (artifact id: '1ae41a02b972d4941f788d903c0889f7') in 0.125048 seconds
  Import took 0.126884 seconds .

========================================================================
Received Import Request.
  Time since last request: 0.743500 seconds.
  path: Assets/Prefabs/RPG_FPS_game_assets_industrial/Containers/Cargo_container_v1/Cargo_container_v1_LD1close.prefab
  artifactKey: Guid(84147b87204d0a0478bae9558d656ea2) Importer(815301076,1909f56bfc062723c751e8b465ee728b)
Start importing Assets/Prefabs/RPG_FPS_game_assets_industrial/Containers/Cargo_container_v1/Cargo_container_v1_LD1close.prefab using Guid(84147b87204d0a0478bae9558d656ea2) Importer(815301076,1909f56bfc062723c751e8b465ee728b)  -> (artifact id: 'f3aed9bd3d449567dbf9c75f4e0a809c') in 0.017471 seconds
  Import took 0.020005 seconds .

========================================================================
Received Import Request.
  Time since last request: 0.008178 seconds.
  path: Assets/Prefabs/RPG_FPS_game_assets_industrial/Containers/Cargo_container_v1/Cargo_container_v1_LD1close.prefab
  artifactKey: Guid(84147b87204d0a0478bae9558d656ea2) Importer(815301076,1909f56bfc062723c751e8b465ee728b)
Start importing Assets/Prefabs/RPG_FPS_game_assets_industrial/Containers/Cargo_container_v1/Cargo_container_v1_LD1close.prefab using Guid(84147b87204d0a0478bae9558d656ea2) Importer(815301076,1909f56bfc062723c751e8b465ee728b)  -> (artifact id: 'f3aed9bd3d449567dbf9c75f4e0a809c') in 0.024011 seconds
  Import took 0.026830 seconds .

========================================================================
Received Import Request.
  Time since last request: 4.591066 seconds.
  path: Assets/Prefabs/RPG_FPS_game_assets_industrial/Containers/Cargo_container_v1/Cargo_container_v1_LD1doorR.prefab
  artifactKey: Guid(bd78ceace8eb93d42a9ee0bde8dbc598) Importer(815301076,1909f56bfc062723c751e8b465ee728b)
Start importing Assets/Prefabs/RPG_FPS_game_assets_industrial/Containers/Cargo_container_v1/Cargo_container_v1_LD1doorR.prefab using Guid(bd78ceace8eb93d42a9ee0bde8dbc598) Importer(815301076,1909f56bfc062723c751e8b465ee728b)  -> (artifact id: 'cf8a66970103fdda689addaf75572857') in 0.015760 seconds
  Import took 0.018002 seconds .

========================================================================
Received Import Request.
  Time since last request: 0.771980 seconds.
  path: Assets/Prefabs/RPG_FPS_game_assets_industrial/Containers/Cargo_container_v1/Cargo_container_v1_LD1open.prefab
  artifactKey: Guid(75e99e987b1c5aa48b7b9e465f768fa3) Importer(815301076,1909f56bfc062723c751e8b465ee728b)
Start importing Assets/Prefabs/RPG_FPS_game_assets_industrial/Containers/Cargo_container_v1/Cargo_container_v1_LD1open.prefab using Guid(75e99e987b1c5aa48b7b9e465f768fa3) Importer(815301076,1909f56bfc062723c751e8b465ee728b)  -> (artifact id: '1dc7af7723e7f32fc7d7a8c31825f464') in 0.023564 seconds
  Import took 0.028507 seconds .

========================================================================
Received Import Request.
  Time since last request: 0.000533 seconds.
  path: Assets/Prefabs/RPG_FPS_game_assets_industrial/Containers/Cargo_container_v1/Cargo_container_v1_LD1open.prefab
  artifactKey: Guid(75e99e987b1c5aa48b7b9e465f768fa3) Importer(815301076,1909f56bfc062723c751e8b465ee728b)
Start importing Assets/Prefabs/RPG_FPS_game_assets_industrial/Containers/Cargo_container_v1/Cargo_container_v1_LD1open.prefab using Guid(75e99e987b1c5aa48b7b9e465f768fa3) Importer(815301076,1909f56bfc062723c751e8b465ee728b)  -> (artifact id: '1dc7af7723e7f32fc7d7a8c31825f464') in 0.077512 seconds
  Import took 0.082381 seconds .

========================================================================
Received Import Request.
  Time since last request: 1.113989 seconds.
  path: Assets/Prefabs/RPG_FPS_game_assets_industrial/Containers/Cargo_container_v1/Cargo_container_v1_LD1through.prefab
  artifactKey: Guid(9615d776614809e4890301d5377aeb9f) Importer(815301076,1909f56bfc062723c751e8b465ee728b)
Start importing Assets/Prefabs/RPG_FPS_game_assets_industrial/Containers/Cargo_container_v1/Cargo_container_v1_LD1through.prefab using Guid(9615d776614809e4890301d5377aeb9f) Importer(815301076,1909f56bfc062723c751e8b465ee728b)  -> (artifact id: 'c6c87425c9fb23cb43e6af80bbb495c9') in 0.013756 seconds
  Import took 0.015865 seconds .

========================================================================
Received Import Request.
  Time since last request: 1.390573 seconds.
  path: Assets/Prefabs/RPG_FPS_game_assets_industrial/Containers/Cargo_container_v1/Cargo_container_v1_LD2close.prefab
  artifactKey: Guid(58d97d456aead63499ac7d5316541f78) Importer(815301076,1909f56bfc062723c751e8b465ee728b)
Start importing Assets/Prefabs/RPG_FPS_game_assets_industrial/Containers/Cargo_container_v1/Cargo_container_v1_LD2close.prefab using Guid(58d97d456aead63499ac7d5316541f78) Importer(815301076,1909f56bfc062723c751e8b465ee728b)  -> (artifact id: '6aecc0ef752e4bdcb8d86a4b9387896b') in 0.013133 seconds
  Import took 0.015112 seconds .

========================================================================
Received Import Request.
  Time since last request: 1.139163 seconds.
  path: Assets/Prefabs/RPG_FPS_game_assets_industrial/Containers/Cargo_container_v1/Cargo_container_v1_LD2open.prefab
  artifactKey: Guid(c2028b62d7877e04194d5001429cff6b) Importer(815301076,1909f56bfc062723c751e8b465ee728b)
Start importing Assets/Prefabs/RPG_FPS_game_assets_industrial/Containers/Cargo_container_v1/Cargo_container_v1_LD2open.prefab using Guid(c2028b62d7877e04194d5001429cff6b) Importer(815301076,1909f56bfc062723c751e8b465ee728b)  -> (artifact id: 'fbd7a3c17028422e564391e5113794df') in 0.014295 seconds
  Import took 0.018101 seconds .

========================================================================
Received Import Request.
  Time since last request: 0.003416 seconds.
  path: Assets/Prefabs/RPG_FPS_game_assets_industrial/Containers/Cargo_container_v1/Cargo_container_v1_LD2open.prefab
  artifactKey: Guid(c2028b62d7877e04194d5001429cff6b) Importer(815301076,1909f56bfc062723c751e8b465ee728b)
Start importing Assets/Prefabs/RPG_FPS_game_assets_industrial/Containers/Cargo_container_v1/Cargo_container_v1_LD2open.prefab using Guid(c2028b62d7877e04194d5001429cff6b) Importer(815301076,1909f56bfc062723c751e8b465ee728b)  -> (artifact id: 'fbd7a3c17028422e564391e5113794df') in 0.030349 seconds
  Import took 0.036364 seconds .

========================================================================
Received Import Request.
  Time since last request: 0.763522 seconds.
  path: Assets/Prefabs/RPG_FPS_game_assets_industrial/Containers/Cargo_container_v1/Cargo_container_v1_LD2through.prefab
  artifactKey: Guid(7efb7a11251ce1342b172668cbdc65c8) Importer(815301076,1909f56bfc062723c751e8b465ee728b)
Start importing Assets/Prefabs/RPG_FPS_game_assets_industrial/Containers/Cargo_container_v1/Cargo_container_v1_LD2through.prefab using Guid(7efb7a11251ce1342b172668cbdc65c8) Importer(815301076,1909f56bfc062723c751e8b465ee728b)  -> (artifact id: '7f045adafd2011c69883daea9a3f51f0') in 0.012831 seconds
  Import took 0.014800 seconds .

========================================================================
Received Prepare
Registering precompiled user dll's ...
Registered in 0.000429 seconds.
Begin MonoManager ReloadAssembly
Native extension for WindowsStandalone target not found
Refreshing native plugins compatible for Editor in 0.30 ms, found 0 plugins.
Preloading 0 native plugins for Editor in 0.00 ms.
Invoked RoslynAnalysisRunner static constructor.
RoslynAnalysisRunner will not be running.
RoslynAnalysisRunner has terminated.
Mono: successfully reloaded assembly
- Completed reload, in  0.612 seconds
Platform modules already initialized, skipping
Refreshing native plugins compatible for Editor in 0.45 ms, found 0 plugins.
Preloading 0 native plugins for Editor in 0.00 ms.
Unloading 1194 Unused Serialized files (Serialized files now loaded: 0)
System memory in use before: 88.9 MB.
System memory in use after: 89.0 MB.

Unloading 5 unused Assets to reduce memory usage. Loaded Objects now: 1700.
Total: 1.708000 ms (FindLiveObjects: 0.381900 ms CreateObjectMapping: 0.040700 ms MarkObjects: 1.230800 ms  DeleteObjects: 0.053800 ms)

========================================================================
Received Prepare
Registering precompiled user dll's ...
Registered in 0.000513 seconds.
Begin MonoManager ReloadAssembly
Native extension for WindowsStandalone target not found
Refreshing native plugins compatible for Editor in 0.21 ms, found 0 plugins.
Preloading 0 native plugins for Editor in 0.00 ms.
Invoked RoslynAnalysisRunner static constructor.
RoslynAnalysisRunner will not be running.
RoslynAnalysisRunner has terminated.
Mono: successfully reloaded assembly
- Completed reload, in  0.560 seconds
Platform modules already initialized, skipping
Refreshing native plugins compatible for Editor in 0.24 ms, found 0 plugins.
Preloading 0 native plugins for Editor in 0.00 ms.
Unloading 1194 Unused Serialized files (Serialized files now loaded: 0)
System memory in use before: 88.9 MB.
System memory in use after: 89.0 MB.

Unloading 5 unused Assets to reduce memory usage. Loaded Objects now: 1703.
Total: 1.460000 ms (FindLiveObjects: 0.128500 ms CreateObjectMapping: 0.031900 ms MarkObjects: 1.232000 ms  DeleteObjects: 0.067000 ms)

========================================================================
Received Import Request.
  Time since last request: 293.659754 seconds.
  path: Assets/New Terrain.asset
  artifactKey: Guid(bc5fd28cbcac1db49b115666d6ef9c67) Importer(815301076,1909f56bfc062723c751e8b465ee728b)
Start importing Assets/New Terrain.asset using Guid(bc5fd28cbcac1db49b115666d6ef9c67) Importer(815301076,1909f56bfc062723c751e8b465ee728b)  -> (artifact id: 'b0e74aef33bc9ef05332617766f7df55') in 0.111302 seconds
  Import took 0.113679 seconds .

========================================================================
Received Import Request.
  Time since last request: 0.000223 seconds.
  path: Assets/NewLayer.terrainlayer
  artifactKey: Guid(928a30a8f4d17fd459c8069fdec2d315) Importer(815301076,1909f56bfc062723c751e8b465ee728b)
Start importing Assets/NewLayer.terrainlayer using Guid(928a30a8f4d17fd459c8069fdec2d315) Importer(815301076,1909f56bfc062723c751e8b465ee728b)  -> (artifact id: '7263de37faff0463268b212ce3e0713a') in 0.054922 seconds
  Import took 0.059441 seconds .

========================================================================
Received Prepare
Registering precompiled user dll's ...
Registered in 0.000508 seconds.
Begin MonoManager ReloadAssembly
Native extension for WindowsStandalone target not found
Refreshing native plugins compatible for Editor in 0.22 ms, found 0 plugins.
Preloading 0 native plugins for Editor in 0.00 ms.
Invoked RoslynAnalysisRunner static constructor.
RoslynAnalysisRunner will not be running.
RoslynAnalysisRunner has terminated.
Mono: successfully reloaded assembly
- Completed reload, in  0.687 seconds
Platform modules already initialized, skipping
Refreshing native plugins compatible for Editor in 0.21 ms, found 0 plugins.
Preloading 0 native plugins for Editor in 0.00 ms.
Unloading 1194 Unused Serialized files (Serialized files now loaded: 0)
System memory in use before: 89.0 MB.
System memory in use after: 89.0 MB.

Unloading 5 unused Assets to reduce memory usage. Loaded Objects now: 1709.
Total: 1.568300 ms (FindLiveObjects: 0.133000 ms CreateObjectMapping: 0.032000 ms MarkObjects: 1.303100 ms  DeleteObjects: 0.099500 ms)

========================================================================
Received Import Request.
  Time since last request: 712.330692 seconds.
  path: Assets/Container
  artifactKey: Guid(3809e474a77b7cf409766095b71947cb) Importer(815301076,1909f56bfc062723c751e8b465ee728b)
Start importing Assets/Container using Guid(3809e474a77b7cf409766095b71947cb) Importer(815301076,1909f56bfc062723c751e8b465ee728b)  -> (artifact id: 'c7c18830f7031e6b7ac87fe6ac1d7878') in 0.011766 seconds
  Import took 0.016703 seconds .

========================================================================
Received Import Request.
  Time since last request: 0.012612 seconds.
  path: Assets/Container
  artifactKey: Guid(3809e474a77b7cf409766095b71947cb) Importer(815301076,1909f56bfc062723c751e8b465ee728b)
Start importing Assets/Container using Guid(3809e474a77b7cf409766095b71947cb) Importer(815301076,1909f56bfc062723c751e8b465ee728b)  -> (artifact id: 'c7c18830f7031e6b7ac87fe6ac1d7878') in 0.002051 seconds
  Import took 0.004121 seconds .

========================================================================
Received Import Request.
  Time since last request: 260.899855 seconds.
  path: Assets/Prefabs/Container/container.fbx
  artifactKey: Guid(29a064010e21e4f46b0e4a95c5915d86) Importer(815301076,1909f56bfc062723c751e8b465ee728b)
Start importing Assets/Prefabs/Container/container.fbx using Guid(29a064010e21e4f46b0e4a95c5915d86) Importer(815301076,1909f56bfc062723c751e8b465ee728b)  -> (artifact id: '6e27e8a5a54eeef573ea659ce405afc5') in 0.179745 seconds
  Import took 0.181734 seconds .

========================================================================
Received Import Request.
  Time since last request: 1.731296 seconds.
  path: Assets/Prefabs/Container/Container.prefab
  artifactKey: Guid(40dd8d8eeb960c347b6f8ae20601a71c) Importer(815301076,1909f56bfc062723c751e8b465ee728b)
Start importing Assets/Prefabs/Container/Container.prefab using Guid(40dd8d8eeb960c347b6f8ae20601a71c) Importer(815301076,1909f56bfc062723c751e8b465ee728b)  -> (artifact id: '9e0fd5b32c9be0013dff19bbee7be349') in 0.010254 seconds
  Import took 0.012350 seconds .

========================================================================
Received Import Request.
  Time since last request: 0.051272 seconds.
  path: Assets/Prefabs/Container/Container.prefab
  artifactKey: Guid(40dd8d8eeb960c347b6f8ae20601a71c) Importer(815301076,1909f56bfc062723c751e8b465ee728b)
Start importing Assets/Prefabs/Container/Container.prefab using Guid(40dd8d8eeb960c347b6f8ae20601a71c) Importer(815301076,1909f56bfc062723c751e8b465ee728b)  -> (artifact id: '9e0fd5b32c9be0013dff19bbee7be349') in 0.010921 seconds
  Import took 0.013206 seconds .

========================================================================
Received Prepare
Registering precompiled user dll's ...
Registered in 0.000404 seconds.
Begin MonoManager ReloadAssembly
Native extension for WindowsStandalone target not found
Refreshing native plugins compatible for Editor in 0.23 ms, found 0 plugins.
Preloading 0 native plugins for Editor in 0.00 ms.
Invoked RoslynAnalysisRunner static constructor.
RoslynAnalysisRunner will not be running.
RoslynAnalysisRunner has terminated.
Mono: successfully reloaded assembly
- Completed reload, in  0.652 seconds
Platform modules already initialized, skipping
Refreshing native plugins compatible for Editor in 3.23 ms, found 0 plugins.
Preloading 0 native plugins for Editor in 0.00 ms.
Unloading 1194 Unused Serialized files (Serialized files now loaded: 0)
System memory in use before: 89.7 MB.
System memory in use after: 89.8 MB.

Unloading 5 unused Assets to reduce memory usage. Loaded Objects now: 1717.
Total: 11.319100 ms (FindLiveObjects: 1.031900 ms CreateObjectMapping: 0.499900 ms MarkObjects: 9.428500 ms  DeleteObjects: 0.353100 ms)

========================================================================
Received Import Request.
  Time since last request: 463.036870 seconds.
  path: Assets/Prefabs/RPG_FPS_game_assets_industrial/Barrels/Barrel_v1/Barrel_v1_LD1.prefab
  artifactKey: Guid(a22c0c7e17126fa4f89534dc98bcac8f) Importer(815301076,1909f56bfc062723c751e8b465ee728b)
Start importing Assets/Prefabs/RPG_FPS_game_assets_industrial/Barrels/Barrel_v1/Barrel_v1_LD1.prefab using Guid(a22c0c7e17126fa4f89534dc98bcac8f) Importer(815301076,1909f56bfc062723c751e8b465ee728b)  -> (artifact id: '94956b17d6b1f2b4caa855e992798f4a') in 0.072981 seconds
  Import took 0.079135 seconds .

========================================================================
Received Import Request.
  Time since last request: 0.840761 seconds.
  path: Assets/Prefabs/RPG_FPS_game_assets_industrial/Barrels/Barrel_v1/Barrel_v1_LD2.prefab
  artifactKey: Guid(17002e90aebb00b40a69cf6fe9083dfc) Importer(815301076,1909f56bfc062723c751e8b465ee728b)
Start importing Assets/Prefabs/RPG_FPS_game_assets_industrial/Barrels/Barrel_v1/Barrel_v1_LD2.prefab using Guid(17002e90aebb00b40a69cf6fe9083dfc) Importer(815301076,1909f56bfc062723c751e8b465ee728b)  -> (artifact id: 'c9a5b36f5e17ffc3d2a0add54e741f3e') in 0.011730 seconds
  Import took 0.014067 seconds .

========================================================================
Received Import Request.
  Time since last request: 0.967425 seconds.
  path: Assets/Prefabs/RPG_FPS_game_assets_industrial/Barrels/Barrel_v1/Barrel_v1_LD3.prefab
  artifactKey: Guid(85a8f6f8dca77df4e9c05f21b5e8ed87) Importer(815301076,1909f56bfc062723c751e8b465ee728b)
Start importing Assets/Prefabs/RPG_FPS_game_assets_industrial/Barrels/Barrel_v1/Barrel_v1_LD3.prefab using Guid(85a8f6f8dca77df4e9c05f21b5e8ed87) Importer(815301076,1909f56bfc062723c751e8b465ee728b)  -> (artifact id: 'b4dfab3215cf74f7b9125f29484a6421') in 0.010979 seconds
  Import took 0.012931 seconds .

========================================================================
Received Import Request.
  Time since last request: 5.790495 seconds.
  path: Assets/Prefabs/RPG_FPS_game_assets_industrial/Boxes/Wooden_box_v1
  artifactKey: Guid(5803d6cbccabce247b4e5ce59393fe08) Importer(815301076,1909f56bfc062723c751e8b465ee728b)
Start importing Assets/Prefabs/RPG_FPS_game_assets_industrial/Boxes/Wooden_box_v1 using Guid(5803d6cbccabce247b4e5ce59393fe08) Importer(815301076,1909f56bfc062723c751e8b465ee728b)  -> (artifact id: '341a42500bd72442bf8a6325661f4b0b') in 0.005015 seconds
  Import took 0.006905 seconds .

========================================================================
Received Import Request.
  Time since last request: 2.417274 seconds.
  path: Assets/Prefabs/RPG_FPS_game_assets_industrial/Boxes/Wooden_box_v1/Wooden_box_v1_LD1.prefab
  artifactKey: Guid(9d1bb44d500a3ad489d3cb3a6900199f) Importer(815301076,1909f56bfc062723c751e8b465ee728b)
Start importing Assets/Prefabs/RPG_FPS_game_assets_industrial/Boxes/Wooden_box_v1/Wooden_box_v1_LD1.prefab using Guid(9d1bb44d500a3ad489d3cb3a6900199f) Importer(815301076,1909f56bfc062723c751e8b465ee728b)  -> (artifact id: 'd6e02af200a2cbaf10daa4e5cbabb27d') in 0.010178 seconds
  Import took 0.012012 seconds .

========================================================================
Received Import Request.
  Time since last request: 0.781841 seconds.
  path: Assets/Prefabs/RPG_FPS_game_assets_industrial/Boxes/Wooden_box_v1/Wooden_box_v1_LD1square.prefab
  artifactKey: Guid(6857ff1d3761e21479727f3b27cc8f68) Importer(815301076,1909f56bfc062723c751e8b465ee728b)
Start importing Assets/Prefabs/RPG_FPS_game_assets_industrial/Boxes/Wooden_box_v1/Wooden_box_v1_LD1square.prefab using Guid(6857ff1d3761e21479727f3b27cc8f68) Importer(815301076,1909f56bfc062723c751e8b465ee728b)  -> (artifact id: '7d440a2ddc6c1bc0956828a2497329d8') in 0.010952 seconds
  Import took 0.013007 seconds .

========================================================================
Received Import Request.
  Time since last request: 1.284153 seconds.
  path: Assets/Prefabs/RPG_FPS_game_assets_industrial/Boxes/Wooden_box_v1/Wooden_box_v1_LD2.prefab
  artifactKey: Guid(a50af88759b02d74b8328377b33ab3e8) Importer(815301076,1909f56bfc062723c751e8b465ee728b)
Start importing Assets/Prefabs/RPG_FPS_game_assets_industrial/Boxes/Wooden_box_v1/Wooden_box_v1_LD2.prefab using Guid(a50af88759b02d74b8328377b33ab3e8) Importer(815301076,1909f56bfc062723c751e8b465ee728b)  -> (artifact id: 'e27bdadcc4286a3227ec5ed7931ae1f6') in 0.010975 seconds
  Import took 0.012778 seconds .

========================================================================
Received Import Request.
  Time since last request: 1.333441 seconds.
  path: Assets/Prefabs/RPG_FPS_game_assets_industrial/Boxes/Wooden_box_v1/Wooden_box_v1_LD2square.prefab
  artifactKey: Guid(395dcd74773407e4faa9906eedf6f75d) Importer(815301076,1909f56bfc062723c751e8b465ee728b)
Start importing Assets/Prefabs/RPG_FPS_game_assets_industrial/Boxes/Wooden_box_v1/Wooden_box_v1_LD2square.prefab using Guid(395dcd74773407e4faa9906eedf6f75d) Importer(815301076,1909f56bfc062723c751e8b465ee728b)  -> (artifact id: 'ec6212d7ad5d941a5612b35f7966742d') in 0.011067 seconds
  Import took 0.013050 seconds .

AssetImportWorkerClient::OnTransportError - code=2 error=End of file
