Using pre-set license
Built from '2020.2/staging' branch; Version is '2020.2.7f1 (c53830e277f1) revision 12924976'; Using compiler version '192528614'; Build Type 'Release'
OS: 'Windows 10 Home; OS build 19042.1052; Version 2009; 64bit' Language: 'en' Physical Memory: 16209 MB
BatchMode: 1, IsHumanControllingUs: 0, StartBugReporterOnCrash: 0, Is64bit: 1, IsPro: 0

 COMMAND LINE ARGUMENTS:
C:\Program Files\Unity\2020\Editor\Unity.exe
-adb2
-batchMode
-noUpm
-name
AssetImportWorker0
-projectPath
C:/Unity/MessyIsland/MessyIsland
-logFile
Logs/AssetImportWorker0.log
-srvPort
58885
Successfully changed project path to: C:/Unity/MessyIsland/MessyIsland
C:/Unity/MessyIsland/MessyIsland
Using Asset Import Pipeline V2.
Refreshing native plugins compatible for Editor in 20.67 ms, found 0 plugins.
Preloading 0 native plugins for Editor in 0.00 ms.
Initialize engine version: 2020.2.7f1 (c53830e277f1)
[Subsystems] Discovering subsystems at path C:/Program Files/Unity/2020/Editor/Data/Resources/UnitySubsystems
[Subsystems] Discovering subsystems at path C:/Unity/MessyIsland/MessyIsland/Assets
GfxDevice: creating device client; threaded=0
Direct3D:
    Version:  Direct3D 11.0 [level 11.1]
    Renderer: Intel(R) UHD Graphics 630 (ID=0x9bc5)
    Vendor:   
    VRAM:     8104 MB
    Driver:   27.20.100.8681
Initialize mono
Mono path[0] = 'C:/Program Files/Unity/2020/Editor/Data/Managed'
Mono path[1] = 'C:/Program Files/Unity/2020/Editor/Data/MonoBleedingEdge/lib/mono/unityjit'
Mono config path = 'C:/Program Files/Unity/2020/Editor/Data/MonoBleedingEdge/etc'
Using monoOptions --debugger-agent=transport=dt_socket,embedding=1,server=y,suspend=n,address=127.0.0.1:56124
Begin MonoManager ReloadAssembly
Registering precompiled unity dll's ...
Register platform support module: C:/Program Files/Unity/2020/Editor/Data/PlaybackEngines/WindowsStandaloneSupport/UnityEditor.WindowsStandalone.Extensions.dll
Registered in 0.001253 seconds.
Native extension for WindowsStandalone target not found
Refreshing native plugins compatible for Editor in 20.00 ms, found 0 plugins.
Preloading 0 native plugins for Editor in 0.00 ms.
Invoked RoslynAnalysisRunner static constructor.
RoslynAnalysisRunner will not be running.
RoslynAnalysisRunner has terminated.
Mono: successfully reloaded assembly
- Completed reload, in  0.670 seconds
Platform modules already initialized, skipping
Registering precompiled user dll's ...
Registered in 0.000441 seconds.
Begin MonoManager ReloadAssembly
Native extension for WindowsStandalone target not found
Refreshing native plugins compatible for Editor in 0.24 ms, found 0 plugins.
Preloading 0 native plugins for Editor in 0.00 ms.
Invoked RoslynAnalysisRunner static constructor.
RoslynAnalysisRunner will not be running.
RoslynAnalysisRunner has terminated.
Mono: successfully reloaded assembly
- Completed reload, in  0.594 seconds
Platform modules already initialized, skipping
========================================================================
Worker process is ready to serve import requests
Launched and connected shader compiler UnityShaderCompiler.exe after 0.03 seconds
Refreshing native plugins compatible for Editor in 0.59 ms, found 0 plugins.
Preloading 0 native plugins for Editor in 0.00 ms.
Unloading 1228 Unused Serialized files (Serialized files now loaded: 0)
System memory in use before: 89.8 MB.
System memory in use after: 89.9 MB.

Unloading 10 unused Assets to reduce memory usage. Loaded Objects now: 1697.
Total: 3.390300 ms (FindLiveObjects: 0.282600 ms CreateObjectMapping: 0.044400 ms MarkObjects: 2.697200 ms  DeleteObjects: 0.365200 ms)

========================================================================
Received Import Request.
  path: Assets/Prefabs/Grenade pack free
  artifactKey: Guid(4d6b6e36ab0caf949b8ea98dfc8d828e) Importer(815301076,1909f56bfc062723c751e8b465ee728b)
Start importing Assets/Prefabs/Grenade pack free using Guid(4d6b6e36ab0caf949b8ea98dfc8d828e) Importer(815301076,1909f56bfc062723c751e8b465ee728b)  -> (artifact id: 'ac7fa286d775a8cc634fe2a47b2fb5a7') in 0.014492 seconds
  Import took 0.019452 seconds .

========================================================================
Received Import Request.
  Time since last request: 3.180713 seconds.
  path: Assets/Prefabs/Grenade pack free/m26.prefab
  artifactKey: Guid(d6c1b1c4c00b08c4d84c7adc9668a6fb) Importer(815301076,1909f56bfc062723c751e8b465ee728b)
Start importing Assets/Prefabs/Grenade pack free/m26.prefab using Guid(d6c1b1c4c00b08c4d84c7adc9668a6fb) Importer(815301076,1909f56bfc062723c751e8b465ee728b)  -> (artifact id: 'd96ab79a48f8ab93022da27c88d5249b') in 0.122675 seconds
  Import took 0.126421 seconds .

========================================================================
Received Import Request.
  Time since last request: 91.587216 seconds.
  path: Assets/Prefabs/glock19
  artifactKey: Guid(6b45c2ebb8372cc45985bd14342e84e9) Importer(815301076,1909f56bfc062723c751e8b465ee728b)
Start importing Assets/Prefabs/glock19 using Guid(6b45c2ebb8372cc45985bd14342e84e9) Importer(815301076,1909f56bfc062723c751e8b465ee728b)  -> (artifact id: '75bd9b449c568071d697c6f8af4c3b79') in 0.006964 seconds
  Import took 0.010174 seconds .

========================================================================
Received Import Request.
  Time since last request: 5.363064 seconds.
  path: Assets/Prefabs/glock19/Glock19_prefab.prefab
  artifactKey: Guid(c8064b4a4a0f8f54091cb16f14961ed6) Importer(815301076,1909f56bfc062723c751e8b465ee728b)
Start importing Assets/Prefabs/glock19/Glock19_prefab.prefab using Guid(c8064b4a4a0f8f54091cb16f14961ed6) Importer(815301076,1909f56bfc062723c751e8b465ee728b)  -> (artifact id: 'b949b20c6bce464dbf820d0ca1ce83e5') in 0.085197 seconds
  Import took 0.088623 seconds .

========================================================================
Received Import Request.
  Time since last request: 97.539727 seconds.
  path: Assets/FN57
  artifactKey: Guid(4d67a956baf501940ace2a53337ce8a1) Importer(815301076,1909f56bfc062723c751e8b465ee728b)
Start importing Assets/FN57 using Guid(4d67a956baf501940ace2a53337ce8a1) Importer(815301076,1909f56bfc062723c751e8b465ee728b)  -> (artifact id: '9423fa77d8b0b4cead39943068aae916') in 0.005016 seconds
  Import took 0.008949 seconds .

========================================================================
Received Import Request.
  Time since last request: 3.398870 seconds.
  path: Assets/FN57/fn57_prefab.prefab
  artifactKey: Guid(86c76b659a09cb046816a6c4ed2188fa) Importer(815301076,1909f56bfc062723c751e8b465ee728b)
Start importing Assets/FN57/fn57_prefab.prefab using Guid(86c76b659a09cb046816a6c4ed2188fa) Importer(815301076,1909f56bfc062723c751e8b465ee728b)  -> (artifact id: '2bdbfe90a2b58f28f9f549d6307db1fa') in 0.038307 seconds
  Import took 0.041492 seconds .

========================================================================
Received Import Request.
  Time since last request: 0.001807 seconds.
  path: Assets/FN57/fn57_prefab.prefab
  artifactKey: Guid(86c76b659a09cb046816a6c4ed2188fa) Importer(815301076,1909f56bfc062723c751e8b465ee728b)
Start importing Assets/FN57/fn57_prefab.prefab using Guid(86c76b659a09cb046816a6c4ed2188fa) Importer(815301076,1909f56bfc062723c751e8b465ee728b)  -> (artifact id: '2bdbfe90a2b58f28f9f549d6307db1fa') in 0.021563 seconds
  Import took 0.026130 seconds .

========================================================================
Received Import Request.
  Time since last request: 2972.938214 seconds.
  path: Assets/New Terrain.asset
  artifactKey: Guid(bc5fd28cbcac1db49b115666d6ef9c67) Importer(815301076,1909f56bfc062723c751e8b465ee728b)
Start importing Assets/New Terrain.asset using Guid(bc5fd28cbcac1db49b115666d6ef9c67) Importer(815301076,1909f56bfc062723c751e8b465ee728b)  -> (artifact id: 'b66deace66d3fd700d13b3b55ead12e8') in 0.106051 seconds
  Import took 0.112221 seconds .

========================================================================
Received Prepare
Registering precompiled user dll's ...
Registered in 0.000592 seconds.
Begin MonoManager ReloadAssembly
Native extension for WindowsStandalone target not found
Refreshing native plugins compatible for Editor in 0.23 ms, found 0 plugins.
Preloading 0 native plugins for Editor in 0.00 ms.
Invoked RoslynAnalysisRunner static constructor.
RoslynAnalysisRunner will not be running.
RoslynAnalysisRunner has terminated.
Mono: successfully reloaded assembly
- Completed reload, in  0.581 seconds
Platform modules already initialized, skipping
Refreshing native plugins compatible for Editor in 0.22 ms, found 0 plugins.
Preloading 0 native plugins for Editor in 0.00 ms.
Unloading 1194 Unused Serialized files (Serialized files now loaded: 0)
System memory in use before: 104.7 MB.
System memory in use after: 104.7 MB.

Unloading 5 unused Assets to reduce memory usage. Loaded Objects now: 1709.
Total: 1.575300 ms (FindLiveObjects: 0.131300 ms CreateObjectMapping: 0.031700 ms MarkObjects: 1.333900 ms  DeleteObjects: 0.077800 ms)

========================================================================
Received Import Request.
  Time since last request: 284.827972 seconds.
  path: Assets/Scripts/GameManager.cs
  artifactKey: Guid(477a2a913b6fd5343a55cf12ba1af9c7) Importer(815301076,1909f56bfc062723c751e8b465ee728b)
Start importing Assets/Scripts/GameManager.cs using Guid(477a2a913b6fd5343a55cf12ba1af9c7) Importer(815301076,1909f56bfc062723c751e8b465ee728b)  -> (artifact id: '0cc6992ed7af90db49a204f4f2c76845') in 0.010136 seconds
  Import took 0.012366 seconds .

========================================================================
Received Prepare
Registering precompiled user dll's ...
Registered in 0.000354 seconds.
Begin MonoManager ReloadAssembly
Native extension for WindowsStandalone target not found
Refreshing native plugins compatible for Editor in 0.36 ms, found 0 plugins.
Preloading 0 native plugins for Editor in 0.00 ms.
Invoked RoslynAnalysisRunner static constructor.
RoslynAnalysisRunner will not be running.
RoslynAnalysisRunner has terminated.
Mono: successfully reloaded assembly
- Completed reload, in  0.634 seconds
Platform modules already initialized, skipping
Refreshing native plugins compatible for Editor in 0.23 ms, found 0 plugins.
Preloading 0 native plugins for Editor in 0.00 ms.
Unloading 1195 Unused Serialized files (Serialized files now loaded: 0)
System memory in use before: 104.7 MB.
System memory in use after: 104.8 MB.

Unloading 5 unused Assets to reduce memory usage. Loaded Objects now: 1713.
Total: 1.606600 ms (FindLiveObjects: 0.130500 ms CreateObjectMapping: 0.034900 ms MarkObjects: 1.363700 ms  DeleteObjects: 0.076900 ms)

AssetImportWorkerClient::OnTransportError - code=2 error=End of file
